c:\users\huaya\onedrive\documents\visual studio 2015\projects\hw3\glslexperiment\release\vc140.pdb
c:\users\huaya\onedrive\documents\visual studio 2015\projects\hw3\glslexperiment\release\textfile.obj
c:\users\huaya\onedrive\documents\visual studio 2015\projects\hw3\glslexperiment\release\initshader.obj
c:\users\huaya\onedrive\documents\visual studio 2015\projects\hw3\glslexperiment\release\helper.obj
c:\users\huaya\onedrive\documents\visual studio 2015\projects\hw3\glslexperiment\release\example1.obj
c:\users\huaya\onedrive\documents\visual studio 2015\projects\hw3\release\glslexperiment.exe
c:\users\huaya\onedrive\documents\visual studio 2015\projects\hw3\release\glslexperiment.pdb
c:\users\huaya\onedrive\documents\visual studio 2015\projects\hw4\glslexperiment\release\example1.obj
c:\users\huaya\onedrive\documents\visual studio 2015\projects\hw4\glslexperiment\release\helper.obj
c:\users\huaya\onedrive\documents\visual studio 2015\projects\hw4\glslexperiment\release\initshader.obj
c:\users\huaya\onedrive\documents\visual studio 2015\projects\hw4\glslexperiment\release\textfile.obj
c:\users\huaya\onedrive\documents\visual studio 2015\projects\hw4\glslexperiment\release\vc140.pdb
c:\users\huaya\onedrive\documents\visual studio 2015\projects\hw4\release\glslexperiment.pdb
c:\users\huaya\onedrive\documents\visual studio 2015\projects\hw4\release\glslexperiment.exe
c:\users\huaya\onedrive\documents\visual studio 2015\projects\hw4\glslexperiment\release\glslexperiment.tlog\cl.command.1.tlog
c:\users\huaya\onedrive\documents\visual studio 2015\projects\hw4\glslexperiment\release\glslexperiment.tlog\cl.read.1.tlog
c:\users\huaya\onedrive\documents\visual studio 2015\projects\hw4\glslexperiment\release\glslexperiment.tlog\cl.write.1.tlog
c:\users\huaya\onedrive\documents\visual studio 2015\projects\hw4\glslexperiment\release\glslexperiment.tlog\link.command.1.tlog
c:\users\huaya\onedrive\documents\visual studio 2015\projects\hw4\glslexperiment\release\glslexperiment.tlog\link.read.1.tlog
c:\users\huaya\onedrive\documents\visual studio 2015\projects\hw4\glslexperiment\release\glslexperiment.tlog\link.write.1.tlog
